{
  message: 'Error in finding all users',
  level: 'error',
  label: 'winston custom format',
  timestamp: '09-10-24 19:08:09'
}
{
  message: 'Error in finding all users',
  level: 'error',
  label: 'winston custom format',
  timestamp: '09-10-24 19:22:07'
}
{
  message: 'Error in finding all users',
  level: 'error',
  label: 'winston custom format',
  timestamp: '09-10-24 19:23:42'
}
{
  message: 'Error in finding all users',
  level: 'error',
  label: 'winston custom format',
  timestamp: '09-10-24 19:27:54'
}
{
  message: 'Error in finding all users',
  level: 'error',
  label: 'winston custom format',
  timestamp: '09-10-24 19:50:00'
}
{
  message: 'Error in finding all users',
  level: 'error',
  label: 'winston custom format',
  timestamp: '11-10-24 14:06:07'
}
{
  message: 'Error in finding all users',
  level: 'error',
  label: 'winston custom format',
  timestamp: '11-10-24 14:17:27'
}
{
  message: 'Error in finding all users',
  level: 'error',
  label: 'winston custom format',
  timestamp: '11-10-24 14:18:37'
}
